<?xml version="1.0" encoding="UTF-8" ?>
<testsuite tests="5" failures="0" name="org.olly.scheduler.SchedulerTest" time="0.021" errors="0" skipped="0">
  <properties>
[...]
</properties>
  <testcase classname="org.olly.scheduler.SchedulerTest" name="testEmptySchedule" time="0.005"/>
  <testcase classname="org.olly.scheduler.SchedulerTest" name="testScheduleDependencies" time="0.001"/>
  <testcase classname="org.olly.scheduler.SchedulerTest" name="testCycle" time="0.001"/>
  <testcase classname="org.olly.scheduler.SchedulerTest" name="testScheduleNoDependencies" time="0.001"/>
  <testcase classname="org.olly.scheduler.SchedulerTest" name="testLoadSchedule" time="0.013"/>
</testsuite>